<?xml version="1.0" encoding="UTF-8"?>
<!-- Generated by org.testng.reporters.JUnitReportReporter -->
<testsuite hostname="DESKTOP-U1TCCE5" failures="0" tests="3" name="test.LoginTest" time="4.301" errors="0" timestamp="2022-08-26T15:19:25 IST" skipped="0">
  <testcase classname="test.LoginTest" name="verifyUsernameTxtBox" time="0.658"/>
  <system-out/>
  <testcase classname="test.LoginTest" name="verifyPasswordTxtBox" time="0.141"/>
  <system-out/>
  <testcase classname="test.LoginTest" name="VerifyLoginFunctionality" time="3.502"/>
  <system-out/>
</testsuite> <!-- test.LoginTest -->
